2025-10-25T21:38:03.964-03:00  INFO 536 --- [libraryapi] [http-nio-8080-exec-9] i.g.w.l.interceptor.RequestInterceptor   : Iniciando requisição: [DELETE] /authors/4c6c2ded-d575-46ab-9d4d-
2025-10-25T21:38:03.986-03:00  INFO 536 --- [libraryapi] [http-nio-8080-exec-9] i.g.w.l.controller.AuthorController      : Deletando autor de ID: 4c6c2ded-d575-46ab-9d4d-
2025-10-25T21:38:03.988-03:00 ERROR 536 --- [libraryapi] [http-nio-8080-exec-9] i.g.w.l.e.GlobalExceptionHandler         : [ERROR] Argumento ilegal: 
2025-10-25T21:38:04.019-03:00  INFO 536 --- [libraryapi] [http-nio-8080-exec-9] i.g.w.l.interceptor.RequestInterceptor   : [DELETE] /authors/4c6c2ded-d575-46ab-9d4d- | Requisição finalizada | Status Code: 400
2025-10-25T21:50:54.088-03:00  INFO 5064 --- [libraryapi] [main] i.g.w.libraryapi.Application             : Starting Application using Java 21.0.6 with PID 5064 (C:\Users\WEBSTER\ws-Idea\libraryapi\target\classes started by WEBSTER in C:\Users\WEBSTER\ws-Idea\libraryapi)
2025-10-25T21:50:54.091-03:00 DEBUG 5064 --- [libraryapi] [main] i.g.w.libraryapi.Application             : Running with Spring Boot v3.4.7, Spring v6.2.8
2025-10-25T21:50:54.092-03:00  INFO 5064 --- [libraryapi] [main] i.g.w.libraryapi.Application             : No active profile set, falling back to 1 default profile: "default"
2025-10-25T21:50:57.608-03:00  WARN 5064 --- [libraryapi] [main] com.zaxxer.hikari.HikariConfig           : library-db-pool - idleTimeout is close to or more than maxLifetime, disabling it.
2025-10-25T21:51:01.236-03:00 DEBUG 5064 --- [libraryapi] [main] i.g.w.l.s.JwtCustomAuthenticationFilter  : Filter 'jwtCustomAuthenticationFilter' configured for use
2025-10-25T21:51:02.415-03:00  WARN 5064 --- [libraryapi] [main] JpaBaseConfiguration$JpaWebConfiguration : spring.jpa.open-in-view is enabled by default. Therefore, database queries may be performed during view rendering. Explicitly configure spring.jpa.open-in-view to disable this warning
2025-10-25T21:51:03.688-03:00  WARN 5064 --- [libraryapi] [main] o.s.s.c.a.web.builders.WebSecurity       : You are asking Spring Security to ignore Deferred [Mvc [pattern='/v2/api-docs/**'], Ant [pattern='/v2/api-docs/**']]. This is not recommended -- please use permitAll via HttpSecurity#authorizeHttpRequests instead.
2025-10-25T21:51:03.689-03:00  WARN 5064 --- [libraryapi] [main] o.s.s.c.a.web.builders.WebSecurity       : You are asking Spring Security to ignore Deferred [Mvc [pattern='/v3/api-docs/**'], Ant [pattern='/v3/api-docs/**']]. This is not recommended -- please use permitAll via HttpSecurity#authorizeHttpRequests instead.
2025-10-25T21:51:03.689-03:00  WARN 5064 --- [libraryapi] [main] o.s.s.c.a.web.builders.WebSecurity       : You are asking Spring Security to ignore Deferred [Mvc [pattern='/swagger-resources/**'], Ant [pattern='/swagger-resources/**']]. This is not recommended -- please use permitAll via HttpSecurity#authorizeHttpRequests instead.
2025-10-25T21:51:03.689-03:00  WARN 5064 --- [libraryapi] [main] o.s.s.c.a.web.builders.WebSecurity       : You are asking Spring Security to ignore Deferred [Mvc [pattern='/swagger-ui/**'], Ant [pattern='/swagger-ui/**']]. This is not recommended -- please use permitAll via HttpSecurity#authorizeHttpRequests instead.
2025-10-25T21:51:03.689-03:00  WARN 5064 --- [libraryapi] [main] o.s.s.c.a.web.builders.WebSecurity       : You are asking Spring Security to ignore Deferred [Mvc [pattern='/swagger-ui.html'], Ant [pattern='/swagger-ui.html']]. This is not recommended -- please use permitAll via HttpSecurity#authorizeHttpRequests instead.
2025-10-25T21:51:03.689-03:00  WARN 5064 --- [libraryapi] [main] o.s.s.c.a.web.builders.WebSecurity       : You are asking Spring Security to ignore Deferred [Mvc [pattern='/webjars/**'], Ant [pattern='/webjars/**']]. This is not recommended -- please use permitAll via HttpSecurity#authorizeHttpRequests instead.
2025-10-25T21:51:04.486-03:00  INFO 5064 --- [libraryapi] [main] i.g.w.libraryapi.Application             : Started Application in 11.224 seconds (process running for 11.902)
2025-10-25T21:52:47.353-03:00  INFO 5064 --- [libraryapi] [http-nio-8080-exec-9] i.g.w.l.interceptor.RequestInterceptor   : Iniciando requisição: [PUT] /authors/5fb24c5c-5ac9-483e-a2d1-82ea441eef71
2025-10-25T21:52:47.505-03:00  INFO 5064 --- [libraryapi] [http-nio-8080-exec-9] i.g.w.l.controller.AuthorController      : Atualizando autor de ID: 5fb24c5c-5ac9-483e-a2d1-82ea441eef71
2025-10-25T21:52:47.507-03:00 DEBUG 5064 --- [libraryapi] [http-nio-8080-exec-9] i.g.w.libraryapi.aspects.LoggingAspect   : [START] Iniciando chamada [AuthorService.update]
2025-10-25T21:52:47.508-03:00  INFO 5064 --- [libraryapi] [http-nio-8080-exec-9] i.g.w.libraryapi.aspects.LoggingAspect   : [METHOD] Update | Atualizando Author ID 5fb24c5c-5ac9-483e-a2d1-82ea441eef71 no repository
2025-10-25T21:52:47.509-03:00 DEBUG 5064 --- [libraryapi] [http-nio-8080-exec-9] i.g.w.libraryapi.aspects.LoggingAspect   : [START] Iniciando chamada [AuthorService.findById]
2025-10-25T21:52:47.509-03:00  INFO 5064 --- [libraryapi] [http-nio-8080-exec-9] i.g.w.libraryapi.aspects.LoggingAspect   : [METHOD] FindById | Buscando Author ID [5fb24c5c-5ac9-483e-a2d1-82ea441eef71] no repository
2025-10-25T21:52:47.567-03:00  INFO 5064 --- [libraryapi] [http-nio-8080-exec-9] i.g.w.libraryapi.aspects.LoggingAspect   : [AUDIT] Responsável pela busca [web] ROLES: [[ADMIN]]
2025-10-25T21:52:47.568-03:00  INFO 5064 --- [libraryapi] [http-nio-8080-exec-9] i.g.w.libraryapi.aspects.LoggingAspect   : [RETURN] Author ID: [5fb24c5c-5ac9-483e-a2d1-82ea441eef71] encontrado com sucesso!
2025-10-25T21:52:47.568-03:00 DEBUG 5064 --- [libraryapi] [http-nio-8080-exec-9] i.g.w.libraryapi.aspects.LoggingAspect   : [END] Chamada [AuthorService.findById] finalizada!
2025-10-25T21:52:47.584-03:00 ERROR 5064 --- [libraryapi] [http-nio-8080-exec-9] i.g.w.l.e.GlobalExceptionHandler         : [ERROR][TYPE] DuplicateRecordException Conflito encontrado: Autor já cadastrado!
2025-10-25T21:52:47.604-03:00  INFO 5064 --- [libraryapi] [http-nio-8080-exec-9] i.g.w.l.interceptor.RequestInterceptor   : [PUT] /authors/5fb24c5c-5ac9-483e-a2d1-82ea441eef71 | Requisição finalizada | Status Code: 409
2025-10-25T21:52:58.200-03:00  INFO 5064 --- [libraryapi] [http-nio-8080-exec-10] i.g.w.l.interceptor.RequestInterceptor   : Iniciando requisição: [DELETE] /authors/4c6c2ded-d575-46ab-9d4d-
2025-10-25T21:52:58.202-03:00  INFO 5064 --- [libraryapi] [http-nio-8080-exec-10] i.g.w.l.controller.AuthorController      : Deletando autor de ID: 4c6c2ded-d575-46ab-9d4d-
2025-10-25T21:52:58.203-03:00 ERROR 5064 --- [libraryapi] [http-nio-8080-exec-10] i.g.w.l.e.GlobalExceptionHandler         : [ERROR][TYPE] NumberFormatException Argumento ilegal: 
2025-10-25T21:52:58.205-03:00  INFO 5064 --- [libraryapi] [http-nio-8080-exec-10] i.g.w.l.interceptor.RequestInterceptor   : [DELETE] /authors/4c6c2ded-d575-46ab-9d4d- | Requisição finalizada | Status Code: 400
